<?xml version="1.0" encoding="UTF-8"?>
<testsuite xmlns:xsi="http://www.w3.org/2001/XMLSchema-instance" xsi:noNamespaceSchemaLocation="https://maven.apache.org/surefire/maven-surefire-plugin/xsd/surefire-test-report-3.0.xsd" version="3.0" name="com.example.AlexTest" time="2.619" tests="4" errors="0" skipped="0" failures="0">
  <properties>
[...]
</properties>
  <testcase name="getFriendsReturnsCorrectList" classname="com.example.AlexTest" time="2.533"/>
  <testcase name="alexAlwaysHasManeTrue" classname="com.example.AlexTest" time="0.008"/>
  <testcase name="getKittensAlwaysReturnsZeroForAlex" classname="com.example.AlexTest" time="0.003"/>
  <testcase name="getPlaceOfLivingReturnsZoo" classname="com.example.AlexTest" time="0.004"/>
</testsuite>